<?xml version="1.0" encoding="UTF-8"?>
<!-- Generated by org.testng.reporters.JUnitReportReporter -->
<testsuite hostname="DESKTOP-TAN055S" failures="0" tests="1" name="VootHome" time="27.614" errors="0" timestamp="2022-05-26T16:59:22 IST" skipped="0">
  <testcase classname="VootHome" name="homePagevalidation" time="27.614"/>
  <system-out/>
</testsuite> <!-- VootHome -->
