<?xml version="1.0" encoding="UTF-8"?>
<!-- Generated by org.testng.reporters.JUnitReportReporter -->
<testsuite hostname="DESKTOP-TAN055S" failures="0" tests="1" name="VootHome" time="65.627" errors="0" timestamp="2022-05-25T15:50:58 IST" skipped="0">
  <testcase classname="VootHome" name="homePagevalidation" time="65.627"/>
  <system-out/>
</testsuite> <!-- VootHome -->
