<?xml version="1.0" encoding="UTF-8"?>
<!-- Generated by org.testng.reporters.JUnitReportReporter -->
<testsuite hostname="DESKTOP-TAN055S" failures="0" tests="1" name="VootHome" time="15.680" errors="0" timestamp="2022-05-30T15:50:59 IST" skipped="0">
  <testcase classname="VootHome" name="homePagevalidation" time="15.680"/>
  <system-out/>
</testsuite> <!-- VootHome -->
